[2024-06-02 00:00:53] INFO root fetch - main [MainThread]: Get Changelog since Serial: [23484004]
[2024-06-02 00:00:58] INFO root fetch - main [MainThread]: Found 2 changed packages
[2024-06-02 00:00:58] INFO root fetch - processPackages [ThreadPoolExecutor-0_0]: Start processing: honeybee-radiance-postprocess
[2024-06-02 00:00:58] INFO root fetch - processPackages [ThreadPoolExecutor-0_1]: Start processing: aiocloudweather
[2024-06-02 00:00:58] INFO root fetch - processPackages [aiocloudweather]: New version: [2024.6.1] Old Version: [2024.6.0]
[2024-06-02 00:00:58] INFO root fetch - processPackages [honeybee-radiance-postprocess]: New version: [0.4.99] Old Version: [0.4.98]
[2024-06-02 00:00:58] INFO root fetch - processPackages [aiocloudweather]: Downloading https://files.pythonhosted.org/packages/2d/e6/a38e878635f9c7f9e245b56514d3397ffb7fdb0078e06d12e55e9d1c2894/aiocloudweather-2024.6.0.tar.gz
[2024-06-02 00:00:58] INFO root fetch - processPackages [honeybee-radiance-postprocess]: Downloading https://files.pythonhosted.org/packages/b6/91/e656cf214b08dde444b27576e74fc06004fa6bbc0d5f04f1d6514eb05429/honeybee-radiance-postprocess-0.4.98.tar.gz
[2024-06-02 00:00:59] INFO root fetch - processPackages [aiocloudweather]: Downloading https://files.pythonhosted.org/packages/11/b6/bfb1dd4679cdaee1dcd8eb747eb9d61b4bba6b6807caa750da6932c97a30/aiocloudweather-2024.6.1.tar.gz
[2024-06-02 00:00:59] INFO root fetch - processPackages [honeybee-radiance-postprocess]: Downloading https://files.pythonhosted.org/packages/e0/41/5be881e0724bb4d271ee5bb707666eff4c4b9ca79bc8c67f7316687d2f67/honeybee-radiance-postprocess-0.4.99.tar.gz
[2024-06-02 00:00:59] INFO root fetch - processPackages [aiocloudweather]: executing diffoscope
[2024-06-02 00:00:59] INFO root fetch - processPackages [aiocloudweather]: podman run --user 0:0 --rm -w /home/abi/fetcher -v /home/abi/fetcher/tmp:/home/abi/fetcher/tmp:ro -v /home/abi/fetcher/20240602:/home/abi/fetcher/20240602:rw registry.salsa.debian.org/reproducible-builds/diffoscope --no-progress tmp/aiocloudweather-2024.6.0.tar.gz tmp/aiocloudweather-2024.6.1.tar.gz --markdown 20240602/a/aiocloudweather/2024.6.0-2024.6.1/README.md --exclude *.pyd
[2024-06-02 00:00:59] INFO root fetch - processPackages [honeybee-radiance-postprocess]: executing diffoscope
[2024-06-02 00:00:59] INFO root fetch - processPackages [honeybee-radiance-postprocess]: podman run --user 0:0 --rm -w /home/abi/fetcher -v /home/abi/fetcher/tmp:/home/abi/fetcher/tmp:ro -v /home/abi/fetcher/20240602:/home/abi/fetcher/20240602:rw registry.salsa.debian.org/reproducible-builds/diffoscope --no-progress tmp/honeybee-radiance-postprocess-0.4.98.tar.gz tmp/honeybee-radiance-postprocess-0.4.99.tar.gz --markdown 20240602/h/honeybee-radiance-postprocess/0.4.98-0.4.99/README.md --exclude *.pyd
[2024-06-02 00:00:59] INFO root fetch - processPackages [aiocloudweather]: Remove: archive file [/home/abi/fetcher/tmp/aiocloudweather-2024.6.0.tar.gz]
[2024-06-02 00:00:59] INFO root fetch - processPackages [aiocloudweather]: Remove: archive file [/home/abi/fetcher/tmp/aiocloudweather-2024.6.1.tar.gz]
[2024-06-02 00:00:59] INFO root fetch - main [MainThread]: End processing [aiocloudweather]: success
[2024-06-02 00:00:59] INFO root fetch - processPackages [honeybee-radiance-postprocess]: Remove: archive file [/home/abi/fetcher/tmp/honeybee-radiance-postprocess-0.4.98.tar.gz]
[2024-06-02 00:00:59] INFO root fetch - processPackages [honeybee-radiance-postprocess]: Remove: archive file [/home/abi/fetcher/tmp/honeybee-radiance-postprocess-0.4.99.tar.gz]
[2024-06-02 00:00:59] INFO root fetch - main [MainThread]: End processing [honeybee-radiance-postprocess]: success
[2024-06-02 00:00:59] INFO root fetch - main [MainThread]: Store serial: [23484010]
[2024-06-02 00:03:04] INFO root fetch - main [MainThread]: Get Changelog since Serial: [23484010]
[2024-06-02 00:03:09] INFO root fetch - main [MainThread]: Found 9 changed packages
[2024-06-02 00:03:09] INFO root fetch - processPackages [ThreadPoolExecutor-0_0]: Start processing: rxnSMILES4AtomEco
[2024-06-02 00:03:09] INFO root fetch - processPackages [ThreadPoolExecutor-0_1]: Start processing: dragonfly-radiance
[2024-06-02 00:03:09] INFO root fetch - processPackages [ThreadPoolExecutor-0_2]: Start processing: MobileInventoryCLI
[2024-06-02 00:03:09] INFO root fetch - processPackages [ThreadPoolExecutor-0_3]: Start processing: matrix-nio
[2024-06-02 00:03:09] INFO root fetch - processPackages [ThreadPoolExecutor-0_4]: Start processing: dragonfly-uwg
[2024-06-02 00:03:09] INFO root fetch - processPackages [ThreadPoolExecutor-0_5]: Start processing: lbt-honeybee
[2024-06-02 00:03:09] INFO root fetch - processPackages [ThreadPoolExecutor-0_6]: Start processing: dialog-workflow-local
[2024-06-02 00:03:09] INFO root fetch - processPackages [ThreadPoolExecutor-0_7]: Start processing: dragonfly-energy
[2024-06-02 00:03:09] INFO root fetch - processPackages [ThreadPoolExecutor-0_8]: Start processing: leetcode-study-tool
[2024-06-02 00:03:09] INFO root fetch - processPackages [dialog-workflow-local]: New version: [0.0.99] Old Version: [0.0.98]
[2024-06-02 00:03:09] INFO root fetch - processPackages [rxnSMILES4AtomEco]: New version: [1.0.2] Old Version: [1.0.0]
[2024-06-02 00:03:09] INFO root fetch - processPackages [dragonfly-radiance]: New version: [0.3.9] Old Version: [0.3.8]
[2024-06-02 00:03:09] INFO root fetch - processPackages [lbt-honeybee]: New version: [0.8.99] Old Version: [0.8.98]
[2024-06-02 00:03:09] INFO root fetch - processPackages [MobileInventoryCLI]: New version: [0.4.99] Old Version: [0.4.98]
[2024-06-02 00:03:09] INFO root fetch - processPackages [dragonfly-uwg]: New version: [0.5.99] Old Version: [0.5.98]
[2024-06-02 00:03:09] INFO root fetch - processPackages [dragonfly-energy]: New version: [1.9.9] Old Version: [1.9.8]
[2024-06-02 00:03:09] INFO root fetch - processPackages [matrix-nio]: New version: [0.9.0] Old Version: [0.8.0]
[2024-06-02 00:03:09] INFO root fetch - processPackages [lbt-honeybee]: Downloading https://files.pythonhosted.org/packages/b5/a0/c6742c4b1a93565a552f073a8cad3689b9e2edcf401d45bd9fddf0485a8d/lbt-honeybee-0.8.98.tar.gz
[2024-06-02 00:03:09] INFO root fetch - processPackages [leetcode-study-tool]: New version: [1.3.1] Old Version: [1.3]
[2024-06-02 00:03:09] INFO root fetch - processPackages [dragonfly-radiance]: Downloading https://files.pythonhosted.org/packages/a2/41/805cddd3de27bfc114d3b54bbf0a558b1d450bb0bc346c8bbfc9f9e1ca04/dragonfly-radiance-0.3.8.tar.gz
[2024-06-02 00:03:09] INFO root fetch - processPackages [dialog-workflow-local]: Downloading https://files.pythonhosted.org/packages/d7/1b/685106e77cf65c8cf8b6d89352922054ce5d7b8980732c303e96ea9deb86/dialog_workflow_local-0.0.98.tar.gz
[2024-06-02 00:03:09] INFO root fetch - processPackages [MobileInventoryCLI]: Downloading https://files.pythonhosted.org/packages/34/2d/1e50d7f512e3d39590afb4a6c37340af98e5c4eadc77d9de653aab0cb49f/MobileInventoryCLI-0.4.98.tar.gz
[2024-06-02 00:03:09] INFO root fetch - processPackages [rxnSMILES4AtomEco]: Downloading https://files.pythonhosted.org/packages/eb/0a/6773af3e87ed986eefef091c857a466fe5fb5c76d7822811a1775da2eab5/rxnSMILES4AtomEco-1.0.0.tar.gz
[2024-06-02 00:03:09] INFO root fetch - processPackages [dragonfly-uwg]: Downloading https://files.pythonhosted.org/packages/a6/3c/7afbd082f170d8d51ed57abdf8bb67058ca404ede70f9d982fd95c8bb807/dragonfly-uwg-0.5.98.tar.gz
[2024-06-02 00:03:09] INFO root fetch - processPackages [dragonfly-energy]: Downloading https://files.pythonhosted.org/packages/20/4e/115840f938ee254b23bd515351ba786228441464717f8557431f914e75f4/dragonfly-energy-1.9.8.tar.gz
[2024-06-02 00:03:09] INFO root fetch - processPackages [matrix-nio]: Downloading https://files.pythonhosted.org/packages/a5/c4/a53a587da9939f040b85c249cddd31ebf334beb746d794c6807c8ba96a2c/matrix-nio-0.8.0.tar.gz
[2024-06-02 00:03:10] INFO root fetch - processPackages [leetcode-study-tool]: Downloading https://files.pythonhosted.org/packages/21/ac/61a67641aa4e02a27b32cf03af8742f29b8619bce45cdb423aa8b570f6fe/leetcode-study-tool-1.3.tar.gz
[2024-06-02 00:03:10] INFO root fetch - processPackages [lbt-honeybee]: Downloading https://files.pythonhosted.org/packages/f1/61/4f36e668d3e1767b0f4d921481ad087bec472a2afc14ea20f916e083c690/lbt-honeybee-0.8.99.tar.gz
[2024-06-02 00:03:10] INFO root fetch - processPackages [dragonfly-radiance]: Downloading https://files.pythonhosted.org/packages/a9/93/8933c5c67b8d336f624b3e7f9cb128678c38867dac08b6bb30a824b7cb3d/dragonfly-radiance-0.3.9.tar.gz
[2024-06-02 00:03:10] INFO root fetch - processPackages [dialog-workflow-local]: Downloading https://files.pythonhosted.org/packages/05/c3/6c26db02b10e70c46d216b7b8ce442c6d7069761960f4589837162999b2a/dialog_workflow_local-0.0.99.tar.gz
[2024-06-02 00:03:10] INFO root fetch - processPackages [dragonfly-energy]: Downloading https://files.pythonhosted.org/packages/09/b6/c12f13159c5beb3b855a32f792faef162ad37358d2e0d3311cbd68a969db/dragonfly-energy-1.9.9.tar.gz
[2024-06-02 00:03:10] INFO root fetch - processPackages [MobileInventoryCLI]: Downloading https://files.pythonhosted.org/packages/44/8c/14cdf7fc3f0b69cae35ba7ee2852fb70e3cab687142869ee3deb104ffc71/MobileInventoryCLI-0.4.99.tar.gz
[2024-06-02 00:03:10] INFO root fetch - processPackages [dragonfly-uwg]: Downloading https://files.pythonhosted.org/packages/55/b3/3f9a36d82b87f343d4e196e93a8cf3e838b9c80b0849f927d4f3505355af/dragonfly-uwg-0.5.99.tar.gz
[2024-06-02 00:03:10] INFO root fetch - processPackages [rxnSMILES4AtomEco]: Downloading https://files.pythonhosted.org/packages/00/c7/3df2483429becd94872068341f63fe365e574e17a0c4e9ccdb96c4bde708/rxnSMILES4AtomEco-1.0.2.tar.gz
[2024-06-02 00:03:10] INFO root fetch - processPackages [lbt-honeybee]: executing diffoscope
[2024-06-02 00:03:10] INFO root fetch - processPackages [lbt-honeybee]: podman run --user 0:0 --rm -w /home/abi/fetcher -v /home/abi/fetcher/tmp:/home/abi/fetcher/tmp:ro -v /home/abi/fetcher/20240602:/home/abi/fetcher/20240602:rw registry.salsa.debian.org/reproducible-builds/diffoscope --no-progress tmp/lbt-honeybee-0.8.98.tar.gz tmp/lbt-honeybee-0.8.99.tar.gz --markdown 20240602/l/lbt-honeybee/0.8.98-0.8.99/README.md --exclude *.pyd
[2024-06-02 00:03:10] INFO root fetch - processPackages [dragonfly-radiance]: executing diffoscope
[2024-06-02 00:03:10] INFO root fetch - processPackages [dragonfly-radiance]: podman run --user 0:0 --rm -w /home/abi/fetcher -v /home/abi/fetcher/tmp:/home/abi/fetcher/tmp:ro -v /home/abi/fetcher/20240602:/home/abi/fetcher/20240602:rw registry.salsa.debian.org/reproducible-builds/diffoscope --no-progress tmp/dragonfly-radiance-0.3.8.tar.gz tmp/dragonfly-radiance-0.3.9.tar.gz --markdown 20240602/d/dragonfly-radiance/0.3.8-0.3.9/README.md --exclude *.pyd
[2024-06-02 00:03:10] INFO root fetch - processPackages [dialog-workflow-local]: executing diffoscope
[2024-06-02 00:03:10] INFO root fetch - processPackages [dialog-workflow-local]: podman run --user 0:0 --rm -w /home/abi/fetcher -v /home/abi/fetcher/tmp:/home/abi/fetcher/tmp:ro -v /home/abi/fetcher/20240602:/home/abi/fetcher/20240602:rw registry.salsa.debian.org/reproducible-builds/diffoscope --no-progress tmp/dialog_workflow_local-0.0.98.tar.gz tmp/dialog_workflow_local-0.0.99.tar.gz --markdown 20240602/d/dialog-workflow-local/0.0.98-0.0.99/README.md --exclude *.pyd
[2024-06-02 00:03:10] INFO root fetch - processPackages [rxnSMILES4AtomEco]: executing diffoscope
[2024-06-02 00:03:10] INFO root fetch - processPackages [rxnSMILES4AtomEco]: podman run --user 0:0 --rm -w /home/abi/fetcher -v /home/abi/fetcher/tmp:/home/abi/fetcher/tmp:ro -v /home/abi/fetcher/20240602:/home/abi/fetcher/20240602:rw registry.salsa.debian.org/reproducible-builds/diffoscope --no-progress tmp/rxnSMILES4AtomEco-1.0.0.tar.gz tmp/rxnSMILES4AtomEco-1.0.2.tar.gz --markdown 20240602/r/rxnSMILES4AtomEco/1.0.0-1.0.2/README.md --exclude *.pyd
[2024-06-02 00:03:10] INFO root fetch - processPackages [leetcode-study-tool]: Downloading https://files.pythonhosted.org/packages/61/90/ab98ad1a659fa8a7370a1f6b6f71c655ec48276d21f519c8e045940f0b40/leetcode_study_tool-1.3.1-py3-none-any.whl
[2024-06-02 00:03:10] INFO root fetch - processPackages [dragonfly-energy]: executing diffoscope
[2024-06-02 00:03:10] INFO root fetch - processPackages [dragonfly-energy]: podman run --user 0:0 --rm -w /home/abi/fetcher -v /home/abi/fetcher/tmp:/home/abi/fetcher/tmp:ro -v /home/abi/fetcher/20240602:/home/abi/fetcher/20240602:rw registry.salsa.debian.org/reproducible-builds/diffoscope --no-progress tmp/dragonfly-energy-1.9.8.tar.gz tmp/dragonfly-energy-1.9.9.tar.gz --markdown 20240602/d/dragonfly-energy/1.9.8-1.9.9/README.md --exclude *.pyd
[2024-06-02 00:03:10] INFO root fetch - processPackages [MobileInventoryCLI]: executing diffoscope
[2024-06-02 00:03:10] INFO root fetch - processPackages [MobileInventoryCLI]: podman run --user 0:0 --rm -w /home/abi/fetcher -v /home/abi/fetcher/tmp:/home/abi/fetcher/tmp:ro -v /home/abi/fetcher/20240602:/home/abi/fetcher/20240602:rw registry.salsa.debian.org/reproducible-builds/diffoscope --no-progress tmp/MobileInventoryCLI-0.4.98.tar.gz tmp/MobileInventoryCLI-0.4.99.tar.gz --markdown 20240602/M/MobileInventoryCLI/0.4.98-0.4.99/README.md --exclude *.pyd
[2024-06-02 00:03:10] INFO root fetch - processPackages [dragonfly-uwg]: executing diffoscope
[2024-06-02 00:03:10] INFO root fetch - processPackages [dragonfly-uwg]: podman run --user 0:0 --rm -w /home/abi/fetcher -v /home/abi/fetcher/tmp:/home/abi/fetcher/tmp:ro -v /home/abi/fetcher/20240602:/home/abi/fetcher/20240602:rw registry.salsa.debian.org/reproducible-builds/diffoscope --no-progress tmp/dragonfly-uwg-0.5.98.tar.gz tmp/dragonfly-uwg-0.5.99.tar.gz --markdown 20240602/d/dragonfly-uwg/0.5.98-0.5.99/README.md --exclude *.pyd
[2024-06-02 00:03:10] INFO root fetch - processPackages [matrix-nio]: Downloading https://files.pythonhosted.org/packages/3d/2f/b4c4fea1cb5a05e5871c63040020922a45b619663b0923c49d4cb933387c/matrix-nio-0.9.0.tar.gz
[2024-06-02 00:03:10] INFO root fetch - processPackages [matrix-nio]: executing diffoscope
[2024-06-02 00:03:10] INFO root fetch - processPackages [matrix-nio]: podman run --user 0:0 --rm -w /home/abi/fetcher -v /home/abi/fetcher/tmp:/home/abi/fetcher/tmp:ro -v /home/abi/fetcher/20240602:/home/abi/fetcher/20240602:rw registry.salsa.debian.org/reproducible-builds/diffoscope --no-progress tmp/matrix-nio-0.8.0.tar.gz tmp/matrix-nio-0.9.0.tar.gz --markdown 20240602/m/matrix-nio/0.8.0-0.9.0/README.md --exclude *.pyd
[2024-06-02 00:03:10] INFO root fetch - processPackages [leetcode-study-tool]: executing diffoscope
[2024-06-02 00:03:10] INFO root fetch - processPackages [leetcode-study-tool]: podman run --user 0:0 --rm -w /home/abi/fetcher -v /home/abi/fetcher/tmp:/home/abi/fetcher/tmp:ro -v /home/abi/fetcher/20240602:/home/abi/fetcher/20240602:rw registry.salsa.debian.org/reproducible-builds/diffoscope --no-progress tmp/leetcode-study-tool-1.3.tar.gz tmp/leetcode_study_tool-1.3.1-py3-none-any.whl.zip --markdown 20240602/l/leetcode-study-tool/1.3-1.3.1/README.md --exclude *.pyd
[2024-06-02 00:03:11] INFO root fetch - processPackages [lbt-honeybee]: Remove: archive file [/home/abi/fetcher/tmp/lbt-honeybee-0.8.98.tar.gz]
[2024-06-02 00:03:11] INFO root fetch - processPackages [lbt-honeybee]: Remove: archive file [/home/abi/fetcher/tmp/lbt-honeybee-0.8.99.tar.gz]
[2024-06-02 00:03:11] INFO root fetch - main [MainThread]: End processing [lbt-honeybee]: success
[2024-06-02 00:03:11] INFO root fetch - processPackages [dialog-workflow-local]: Remove: archive file [/home/abi/fetcher/tmp/dialog_workflow_local-0.0.98.tar.gz]
[2024-06-02 00:03:11] INFO root fetch - processPackages [dialog-workflow-local]: Remove: archive file [/home/abi/fetcher/tmp/dialog_workflow_local-0.0.99.tar.gz]
[2024-06-02 00:03:11] INFO root fetch - main [MainThread]: End processing [dialog-workflow-local]: success
[2024-06-02 00:03:11] INFO root fetch - processPackages [dragonfly-radiance]: Remove: archive file [/home/abi/fetcher/tmp/dragonfly-radiance-0.3.8.tar.gz]
[2024-06-02 00:03:11] INFO root fetch - processPackages [dragonfly-radiance]: Remove: archive file [/home/abi/fetcher/tmp/dragonfly-radiance-0.3.9.tar.gz]
[2024-06-02 00:03:11] INFO root fetch - main [MainThread]: End processing [dragonfly-radiance]: success
[2024-06-02 00:03:11] INFO root fetch - processPackages [rxnSMILES4AtomEco]: Remove: archive file [/home/abi/fetcher/tmp/rxnSMILES4AtomEco-1.0.0.tar.gz]
[2024-06-02 00:03:11] INFO root fetch - processPackages [rxnSMILES4AtomEco]: Remove: archive file [/home/abi/fetcher/tmp/rxnSMILES4AtomEco-1.0.2.tar.gz]
[2024-06-02 00:03:11] INFO root fetch - main [MainThread]: End processing [rxnSMILES4AtomEco]: success
[2024-06-02 00:03:11] INFO root fetch - processPackages [leetcode-study-tool]: Remove: archive file [/home/abi/fetcher/tmp/leetcode-study-tool-1.3.tar.gz]
[2024-06-02 00:03:11] INFO root fetch - processPackages [leetcode-study-tool]: Remove: archive file [/home/abi/fetcher/tmp/leetcode_study_tool-1.3.1-py3-none-any.whl.zip]
[2024-06-02 00:03:11] INFO root fetch - main [MainThread]: End processing [leetcode-study-tool]: success
[2024-06-02 00:03:11] INFO root fetch - processPackages [MobileInventoryCLI]: Remove: archive file [/home/abi/fetcher/tmp/MobileInventoryCLI-0.4.98.tar.gz]
[2024-06-02 00:03:11] INFO root fetch - processPackages [MobileInventoryCLI]: Remove: archive file [/home/abi/fetcher/tmp/MobileInventoryCLI-0.4.99.tar.gz]
[2024-06-02 00:03:11] INFO root fetch - main [MainThread]: End processing [MobileInventoryCLI]: success
[2024-06-02 00:03:11] INFO root fetch - processPackages [dragonfly-uwg]: Remove: archive file [/home/abi/fetcher/tmp/dragonfly-uwg-0.5.98.tar.gz]
[2024-06-02 00:03:11] INFO root fetch - processPackages [dragonfly-uwg]: Remove: archive file [/home/abi/fetcher/tmp/dragonfly-uwg-0.5.99.tar.gz]
[2024-06-02 00:03:11] INFO root fetch - main [MainThread]: End processing [dragonfly-uwg]: success
[2024-06-02 00:03:11] INFO root fetch - processPackages [dragonfly-energy]: Remove: archive file [/home/abi/fetcher/tmp/dragonfly-energy-1.9.8.tar.gz]
[2024-06-02 00:03:11] INFO root fetch - processPackages [dragonfly-energy]: Remove: archive file [/home/abi/fetcher/tmp/dragonfly-energy-1.9.9.tar.gz]
[2024-06-02 00:03:11] INFO root fetch - main [MainThread]: End processing [dragonfly-energy]: success
[2024-06-02 00:03:11] INFO root fetch - processPackages [matrix-nio]: Remove: archive file [/home/abi/fetcher/tmp/matrix-nio-0.8.0.tar.gz]
[2024-06-02 00:03:11] INFO root fetch - processPackages [matrix-nio]: Remove: archive file [/home/abi/fetcher/tmp/matrix-nio-0.9.0.tar.gz]
[2024-06-02 00:03:11] INFO root fetch - main [MainThread]: End processing [matrix-nio]: success
[2024-06-02 00:03:11] INFO root fetch - main [MainThread]: Store serial: [23484033]
